2025-05-31 21:54:38.106651 - [keylogger.py - virut - Cursor] - Key pressed: Backspace
2025-05-31 21:54:38.107983 - [keylogger.py - virut - Cursor] - Key pressed: Backspace
2025-05-31 21:54:38.109446 - [keylogger.py - virut - Cursor] - Key pressed: Backspace
2025-05-31 21:54:38.111912 - [keylogger.py - virut - Cursor] - Key pressed: l
2025-05-31 21:54:38.113830 - [keylogger.py - virut - Cursor] - Key pressed: a
2025-05-31 21:54:38.115025 - [keylogger.py - virut - Cursor] - Key pressed: m
2025-05-31 21:54:38.116245 - [keylogger.py - virut - Cursor] - Key pressed: f
2025-05-31 21:54:38.118163 - [keylogger.py - virut - Cursor] - Key pressed: Space
2025-05-31 21:54:38.122911 - [keylogger.py - virut - Cursor] - Key pressed: t
2025-05-31 21:54:38.126101 - [keylogger.py - virut - Cursor] - Key pressed: h
2025-05-31 21:54:38.129112 - [keylogger.py - virut - Cursor] - Key pressed: e
2025-05-31 21:54:38.132141 - [keylogger.py - virut - Cursor] - Key pressed: e
2025-05-31 21:54:38.134289 - [keylogger.py - virut - Cursor] - Key pressed: s
2025-05-31 21:54:38.135423 - [keylogger.py - virut - Cursor] - Key pressed: Space
2025-05-31 21:54:38.242411 - [keylogger.py - virut - Cursor] - Key pressed: n
2025-05-31 21:54:38.330013 - [keylogger.py - virut - Cursor] - Key pressed: a
2025-05-31 21:54:38.440037 - [keylogger.py - virut - Cursor] - Key pressed: o
2025-05-31 21:54:38.512994 - [keylogger.py - virut - Cursor] - Key pressed: f
2025-05-31 21:54:38.672814 - [keylogger.py - virut - Cursor] - Key pressed: Space
2025-05-31 21:54:39.700140 - [keylogger.py - virut - Cursor] - Key pressed: Alt+Alt_l
2025-05-31 21:54:39.846153 - [keylogger.py - virut - Cursor] - Key pressed: Alt+a
2025-05-31 21:54:43.615897 - [keylogger.py - virut - Cursor] - Key pressed: Alt+Alt_l
2025-05-31 21:54:43.674999 - [keylogger.py - virut - Cursor] - Key pressed: Alt+q
