2025-05-31 22:17:56.662507 - [keylogger.py - virut - Cursor] - Key pressed: Alt+Alt_l
2025-05-31 22:17:56.738054 - [] - Key pressed: Alt+Tab
2025-05-31 22:18:10.852534 - [keylogger.py - virut - Cursor] - Key pressed: l
2025-05-31 22:18:11.085026 - [keylogger.py - virut - Cursor] - Key pressed: o
2025-05-31 22:18:11.237779 - [keylogger.py - virut - Cursor] - Key pressed: o
2025-05-31 22:18:11.305824 - [keylogger.py - virut - Cursor] - Key pressed: i
2025-05-31 22:18:11.325604 - [keylogger.py - virut - Cursor] - Key pressed: x
2025-05-31 22:18:11.483877 - [keylogger.py - virut - Cursor] - Key pressed: Space
2025-05-31 22:18:11.655304 - [keylogger.py - virut - Cursor] - Key pressed: v
2025-05-31 22:18:11.846185 - [keylogger.py - virut - Cursor] - Key pressed: a
2025-05-31 22:18:11.954929 - [keylogger.py - virut - Cursor] - Key pressed: a
2025-05-31 22:18:12.284096 - [keylogger.py - virut - Cursor] - Key pressed: n
2025-05-31 22:18:12.366022 - [keylogger.py - virut - Cursor] - Key pressed: x
2025-05-31 22:18:12.511245 - [keylogger.py - virut - Cursor] - Key pressed: Space
2025-05-31 22:18:12.599955 - [keylogger.py - virut - Cursor] - Key pressed: c
2025-05-31 22:18:12.724297 - [keylogger.py - virut - Cursor] - Key pressed: h
2025-05-31 22:18:12.785530 - [keylogger.py - virut - Cursor] - Key pressed: u
2025-05-31 22:18:12.812286 - [keylogger.py - virut - Cursor] - Key pressed: a
2025-05-31 22:18:12.877860 - [keylogger.py - virut - Cursor] - Key pressed: w
2025-05-31 22:18:13.094786 - [keylogger.py - virut - Cursor] - Key pressed: d
2025-05-31 22:18:13.233662 - [keylogger.py - virut - Cursor] - Key pressed: d
2025-05-31 22:18:13.475970 - [keylogger.py - virut - Cursor] - Key pressed: Backspace
